<?xml version="1.0" encoding="UTF-8"?>
<testsuite xmlns:xsi="http://www.w3.org/2001/XMLSchema-instance" xsi:noNamespaceSchemaLocation="https://maven.apache.org/surefire/maven-surefire-plugin/xsd/surefire-test-report.xsd" name="br.unesp.rc.junit5.VectorTest" time="0.051" tests="2" errors="1" skipped="0" failures="1">
  <properties>
[...]
</properties>
  <testcase name="testEqual" classname="br.unesp.rc.junit5.VectorTest" time="0.03">
    <error message="null argument" type="java.lang.IllegalArgumentException">java.lang.IllegalArgumentException: null argument
	at br.unesp.rc.junit5.VectorTest.testEqual(VectorTest.java:40)
</error>
    <system-out><![CDATA[equal
]]></system-out>
  </testcase>
  <testcase name="testSize" classname="br.unesp.rc.junit5.VectorTest" time="0.003">
    <failure message="expected: &lt;false&gt; but was: &lt;true&gt;" type="org.opentest4j.AssertionFailedError"><![CDATA[org.opentest4j.AssertionFailedError: expected: <false> but was: <true>
	at br.unesp.rc.junit5.VectorTest.testSize(VectorTest.java:53)
]]></failure>
    <system-out><![CDATA[size
]]></system-out>
  </testcase>
</testsuite>